This is pdfTeX, Version 3.1415926-2.4-1.40.13 (MiKTeX 2.9 64-bit) (preloaded format=pdflatex 2013.12.23)  19 SEP 2014 12:55
entering extended mode
**C:/Users/UnarmedLad/Documents/GitHub/Haskell/FSA_lab2_DaanMulder.tex
(C:/Users/UnarmedLad/Documents/GitHub/Haskell/FSA_lab2_DaanMulder.tex
LaTeX2e <2011/06/27>
Babel <v3.8m> and hyphenation patterns for english, afrikaans, ancientgreek, ar
abic, armenian, assamese, basque, bengali, bokmal, bulgarian, catalan, coptic, 
croatian, czech, danish, dutch, esperanto, estonian, farsi, finnish, french, ga
lician, german, german-x-2012-05-30, greek, gujarati, hindi, hungarian, iceland
ic, indonesian, interlingua, irish, italian, kannada, kurmanji, latin, latvian,
 lithuanian, malayalam, marathi, mongolian, mongolianlmc, monogreek, ngerman, n
german-x-2012-05-30, nynorsk, oriya, panjabi, pinyin, polish, portuguese, roman
ian, russian, sanskrit, serbian, slovak, slovenian, spanish, swedish, swissgerm
an, tamil, telugu, turkish, turkmen, ukenglish, ukrainian, uppersorbian, usengl
ishmax, welsh, loaded.
("C:\Program Files\MiKTeX 2.9\tex\latex\amscls\amsart.cls"
Document Class: amsart 2009/07/02 v2.20.1
\linespacing=\dimen102
\normalparindent=\dimen103
\normaltopskip=\skip41
("C:\Program Files\MiKTeX 2.9\tex\latex\amsmath\amsmath.sty"
Package: amsmath 2013/01/14 v2.14 AMS math features
\@mathmargin=\skip42

For additional information on amsmath, use the `?' option.
("C:\Program Files\MiKTeX 2.9\tex\latex\amsmath\amstext.sty"
Package: amstext 2000/06/29 v2.01

("C:\Program Files\MiKTeX 2.9\tex\latex\amsmath\amsgen.sty"
File: amsgen.sty 1999/11/30 v2.0
\@emptytoks=\toks14
\ex@=\dimen104
))
("C:\Program Files\MiKTeX 2.9\tex\latex\amsmath\amsbsy.sty"
Package: amsbsy 1999/11/29 v1.2d
\pmbraise@=\dimen105
)
("C:\Program Files\MiKTeX 2.9\tex\latex\amsmath\amsopn.sty"
Package: amsopn 1999/12/14 v2.01 operator names
)
\inf@bad=\count79
LaTeX Info: Redefining \frac on input line 210.
\uproot@=\count80
\leftroot@=\count81
LaTeX Info: Redefining \overline on input line 306.
\classnum@=\count82
\DOTSCASE@=\count83
LaTeX Info: Redefining \ldots on input line 378.
LaTeX Info: Redefining \dots on input line 381.
LaTeX Info: Redefining \cdots on input line 466.
\Mathstrutbox@=\box26
\strutbox@=\box27
\big@size=\dimen106
LaTeX Font Info:    Redeclaring font encoding OML on input line 566.
LaTeX Font Info:    Redeclaring font encoding OMS on input line 567.
\macc@depth=\count84
\c@MaxMatrixCols=\count85
\dotsspace@=\muskip10
\c@parentequation=\count86
\dspbrk@lvl=\count87
\tag@help=\toks15
\row@=\count88
\column@=\count89
\maxfields@=\count90
\andhelp@=\toks16
\eqnshift@=\dimen107
\alignsep@=\dimen108
\tagshift@=\dimen109
\tagwidth@=\dimen110
\totwidth@=\dimen111
\lineht@=\dimen112
\@envbody=\toks17
\multlinegap=\skip43
\multlinetaggap=\skip44
\mathdisplay@stack=\toks18
LaTeX Info: Redefining \[ on input line 2665.
LaTeX Info: Redefining \] on input line 2666.
)
LaTeX Font Info:    Try loading font information for U+msa on input line 388.

("C:\Program Files\MiKTeX 2.9\tex\latex\amsfonts\umsa.fd"
File: umsa.fd 2013/01/14 v3.01 AMS symbols A
)
("C:\Program Files\MiKTeX 2.9\tex\latex\amsfonts\amsfonts.sty"
Package: amsfonts 2013/01/14 v3.01 Basic AMSFonts support
\symAMSa=\mathgroup4
\symAMSb=\mathgroup5
LaTeX Font Info:    Overwriting math alphabet `\mathfrak' in version `bold'
(Font)                  U/euf/m/n --> U/euf/b/n on input line 106.
)
\copyins=\insert233
\abstractbox=\box28
\listisep=\skip45
\c@part=\count91
\c@section=\count92
\c@subsection=\count93
\c@subsubsection=\count94
\c@paragraph=\count95
\c@subparagraph=\count96
\c@figure=\count97
\c@table=\count98
\abovecaptionskip=\skip46
\belowcaptionskip=\skip47
\captionindent=\dimen113
\thm@style=\toks19
\thm@bodyfont=\toks20
\thm@headfont=\toks21
\thm@notefont=\toks22
\thm@headpunct=\toks23
\thm@preskip=\skip48
\thm@postskip=\skip49
\thm@headsep=\skip50
\dth@everypar=\toks24
)
("C:\Program Files\MiKTeX 2.9\tex\generic\babel\babel.sty"
Package: babel 2008/07/08 v3.8m The Babel package

*************************************
* Local config file bblopts.cfg used
*
("C:\Program Files\MiKTeX 2.9\tex\latex\00miktex\bblopts.cfg"
File: bblopts.cfg 2006/07/31 v1.0 MiKTeX 'babel' configuration
)
("C:\Program Files\MiKTeX 2.9\tex\generic\babel\english.ldf"
Language: english 2005/03/30 v3.3o English support from the babel system

("C:\Program Files\MiKTeX 2.9\tex\generic\babel\babel.def"
File: babel.def 2008/07/08 v3.8m Babel common definitions
\babel@savecnt=\count99
\U@D=\dimen114
)
\l@canadian = a dialect from \language\l@american 
\l@australian = a dialect from \language\l@british 
\l@newzealand = a dialect from \language\l@british 
))
("C:\Program Files\MiKTeX 2.9\tex\latex\a4wide\a4wide.sty"
Package: a4wide 1994/08/30

("C:\Program Files\MiKTeX 2.9\tex\latex\ntgclass\a4.sty"
Package: a4 2004/04/15 v1.2g A4 based page layout
))
("C:\Program Files\MiKTeX 2.9\tex\latex\tools\verbatim.sty"
Package: verbatim 2003/08/22 v1.5q LaTeX2e package for verbatim enhancements
\every@verbatim=\toks25
\verbatim@line=\toks26
\verbatim@in@stream=\read1
)
(C:\Users\UnarmedLad\Documents\GitHub\Haskell\FSA_lab2_DaanMulder.aux)
LaTeX Font Info:    Checking defaults for OML/cmm/m/it on input line 9.
LaTeX Font Info:    ... okay on input line 9.
LaTeX Font Info:    Checking defaults for T1/cmr/m/n on input line 9.
LaTeX Font Info:    ... okay on input line 9.
LaTeX Font Info:    Checking defaults for OT1/cmr/m/n on input line 9.
LaTeX Font Info:    ... okay on input line 9.
LaTeX Font Info:    Checking defaults for OMS/cmsy/m/n on input line 9.
LaTeX Font Info:    ... okay on input line 9.
LaTeX Font Info:    Checking defaults for OMX/cmex/m/n on input line 9.
LaTeX Font Info:    ... okay on input line 9.
LaTeX Font Info:    Checking defaults for U/cmr/m/n on input line 9.
LaTeX Font Info:    ... okay on input line 9.
LaTeX Font Info:    Try loading font information for U+msa on input line 9.

("C:\Program Files\MiKTeX 2.9\tex\latex\amsfonts\umsa.fd"
File: umsa.fd 2013/01/14 v3.01 AMS symbols A
)
LaTeX Font Info:    Try loading font information for U+msb on input line 9.

("C:\Program Files\MiKTeX 2.9\tex\latex\amsfonts\umsb.fd"
File: umsb.fd 2013/01/14 v3.01 AMS symbols B
) [1{C:/ProgramData/MiKTeX/2.9/pdftex/config/pdftex.map}] [2]
Overfull \hbox (28.579pt too wide) in paragraph at lines 97--97
[]                            \OT1/cmtt/m/n/12 (exercise2min $ exercise2max $ e
xercise2list xs)[] 
 []


Overfull \hbox (47.104pt too wide) in paragraph at lines 108--108
[]\OT1/cmtt/m/n/12 exercise3max xs = fst $ (filter (\ (_,b) -> b == maximum (ma
p snd xs)) xs) !! 0[] 
 []


Overfull \hbox (318.80414pt too wide) in paragraph at lines 115--115
[]\OT1/cmtt/m/n/12 exercise3play secret xs n = exercise3play secret (guessing s
ecret (exercise3max $ exercise3prep $ exercise2list xs) xs) n+1[] 
 []


Overfull \hbox (139.72905pt too wide) in paragraph at lines 125--125
[]\OT1/cmtt/m/n/12 exercise4sum xs = map (\ (a,b) -> (a,sum $ map (^2) b)) $ ma
p (\ (a,b) -> (a,map length b)) xs[] 
 []

[3]
Overfull \hbox (312.62914pt too wide) in paragraph at lines 129--129
[]\OT1/cmtt/m/n/12 exercise4play secret xs n = exercise4play secret (guessing s
ecret (exercise2min $ exercise4sum $ exercise2list xs) xs) n+1[] 
 []


Overfull \hbox (47.104pt too wide) in paragraph at lines 139--139
[]\OT1/cmtt/m/n/12 exercise5min xs = fst $ (filter (\ (_,b) -> b == minimum (ma
p snd xs)) xs) !! 0[] 
 []


Overfull \hbox (448.4792pt too wide) in paragraph at lines 142--142
[]\OT1/cmtt/m/n/12 exercise5entropy xs = map (\ (a,b) -> (a,sum $ map (\ x -> f
romIntegral x * (log $ fromIntegral x)) $ b)) $ map (\ (a,b) -> (a,map length b
)) xs[] 
 []


Overfull \hbox (337.32915pt too wide) in paragraph at lines 146--146
[]\OT1/cmtt/m/n/12 exercise5play secret xs n = exercise5play secret (guessing s
ecret (exercise5min $ exercise5entropy $ exercise2list xs) xs) n+1[] 
 []

[4]
Overfull \hbox (250.8791pt too wide) in paragraph at lines 174--174
[]\OT1/cmtt/m/n/12 count (x:xs) = if x == Light then 1 + count xs else if x == 
Normal then 2 + count xs else error "Undefined coin"[] 
 []


Overfull \hbox (189.12907pt too wide) in paragraph at lines 178--178
[]\OT1/cmtt/m/n/12 gatherSide (x:xs) (y:ys) side = if y == side then (x:gatherS
ide xs ys side) else gatherSide xs ys side[] 
 []


Overfull \hbox (775.75436pt too wide) in paragraph at lines 181--181
[]\OT1/cmtt/m/n/12 reaction secret guess = if left > right then Leftbound else 
if left < right then Rightbound else Balanced where {left = count (gatherSide s
ecret guess L); right = count (gatherSide secret guess R)}[] 
 []


Overfull \hbox (90.32903pt too wide) in paragraph at lines 188--188
[]\OT1/cmtt/m/n/12 guessing secret guess xs = filter (\x -> reaction x guess ==
 reaction secret guess) xs[] 
 []


Overfull \hbox (53.279pt too wide) in paragraph at lines 192--192
[]\OT1/cmtt/m/n/12 exercise6amin xs = fst $ (filter (\ (_,b) -> b == minimum (m
ap snd xs)) xs) !! 0[] 
 []


Overfull \hbox (102.67903pt too wide) in paragraph at lines 195--195
[]\OT1/cmtt/m/n/12 exercise6amax xs = map (\ (a,b) -> (a,maximum b)) $ map (\ (
a,b) -> (a,map length b)) xs[] 
 []


Overfull \hbox (547.27925pt too wide) in paragraph at lines 198--198
[]\OT1/cmtt/m/n/12 exercise6alist n xs = map (\ (a,b) -> (a, group b)) $ [(mayb
eGuess, [reaction maybeSecret maybeGuess | maybeSecret <- xs]) | maybeGuess <- 
makeList [L,R,Off] n][] 
 []


Overfull \hbox (448.4792pt too wide) in paragraph at lines 202--202
[]\OT1/cmtt/m/n/12 exercise6aplay n secret xs i = exercise6aplay n secret (gues
sing secret (myShow $ exercise6amin $ exercise6amax $ exercise6alist n xs) xs) 
(i+1)[] 
 []


Overfull \hbox (182.95407pt too wide) in paragraph at lines 205--205
[]\OT1/cmtt/m/n/12 exercise6a n secret = exercise6aplay n secret firstList 0 wh
ere firstList = makeList [Light,Normal] n[] 
 []

[5]
Overfull \hbox (53.279pt too wide) in paragraph at lines 209--209
[]\OT1/cmtt/m/n/12 exercise6bmin xs = fst $ (filter (\ (_,b) -> b == minimum (m
ap snd xs)) xs) !! 0[] 
 []


Overfull \hbox (454.6542pt too wide) in paragraph at lines 212--212
[]\OT1/cmtt/m/n/12 exercise6bentropy xs = map (\ (a,b) -> (a,sum $ map (\ x -> 
fromIntegral x * (log $ fromIntegral x)) $ b)) $ map (\ (a,b) -> (a,map length 
b)) xs[] 
 []


Overfull \hbox (473.17921pt too wide) in paragraph at lines 216--216
[]\OT1/cmtt/m/n/12 exercise6bplay n secret xs i = exercise6bplay n secret (gues
sing secret (myShow $ exercise6bmin $ exercise6bentropy $ exercise6alist n xs) 
xs) (i+1)[] 
 []


Overfull \hbox (182.95407pt too wide) in paragraph at lines 219--219
[]\OT1/cmtt/m/n/12 exercise6b n secret = exercise6bplay n secret firstList 0 wh
ere firstList = makeList [Light,Normal] n[] 
 []

[6] (C:\Users\UnarmedLad\Documents\GitHub\Haskell\FSA_lab2_DaanMulder.aux) ) 
Here is how much of TeX's memory you used:
 1740 strings out of 493921
 20380 string characters out of 3147266
 79612 words of memory out of 3000000
 4889 multiletter control sequences out of 15000+200000
 11060 words of font info for 44 fonts, out of 3000000 for 9000
 1002 hyphenation exceptions out of 8191
 34i,5n,31p,695b,330s stack positions out of 5000i,500n,10000p,200000b,50000s
<C:
/Program Files/MiKTeX 2.9/fonts/type1/public/amsfonts/cm/cmbx12.pfb><C:/Program
 Files/MiKTeX 2.9/fonts/type1/public/amsfonts/cm/cmcsc10.pfb><C:/Program Files/
MiKTeX 2.9/fonts/type1/public/amsfonts/cm/cmex10.pfb><C:/Program Files/MiKTeX 2
.9/fonts/type1/public/amsfonts/cm/cmmi12.pfb><C:/Program Files/MiKTeX 2.9/fonts
/type1/public/amsfonts/cm/cmmi8.pfb><C:/Program Files/MiKTeX 2.9/fonts/type1/pu
blic/amsfonts/cm/cmr10.pfb><C:/Program Files/MiKTeX 2.9/fonts/type1/public/amsf
onts/cm/cmr12.pfb><C:/Program Files/MiKTeX 2.9/fonts/type1/public/amsfonts/cm/c
mr9.pfb><C:/Program Files/MiKTeX 2.9/fonts/type1/public/amsfonts/cm/cmsy10.pfb>
<C:/Program Files/MiKTeX 2.9/fonts/type1/public/amsfonts/cm/cmtt12.pfb>
Output written on FSA_lab2_DaanMulder.pdf (6 pages, 129130 bytes).
PDF statistics:
 61 PDF objects out of 1000 (max. 8388607)
 0 named destinations out of 1000 (max. 500000)
 1 words of extra memory for PDF output out of 10000 (max. 10000000)

